c:\users\pinai\onedrive\documents\game\brirtiak\brirtiak\x64\release\vc143.pdb
c:\users\pinai\onedrive\documents\game\brirtiak\brirtiak\x64\release\ui.obj
c:\users\pinai\onedrive\documents\game\brirtiak\brirtiak\x64\release\tutorial.obj
c:\users\pinai\onedrive\documents\game\brirtiak\brirtiak\x64\release\text.obj
c:\users\pinai\onedrive\documents\game\brirtiak\brirtiak\x64\release\sound.obj
c:\users\pinai\onedrive\documents\game\brirtiak\brirtiak\x64\release\punch.obj
c:\users\pinai\onedrive\documents\game\brirtiak\brirtiak\x64\release\player.obj
c:\users\pinai\onedrive\documents\game\brirtiak\brirtiak\x64\release\main.obj
c:\users\pinai\onedrive\documents\game\brirtiak\brirtiak\x64\release\item.obj
c:\users\pinai\onedrive\documents\game\brirtiak\brirtiak\x64\release\enemy.obj
c:\users\pinai\onedrive\documents\game\brirtiak\brirtiak\x64\release\bullet.obj
c:\users\pinai\onedrive\documents\game\brirtiak\brirtiak\x64\release\bomb.obj
c:\users\pinai\onedrive\documents\game\brirtiak\brirtiak\x64\release\board.obj
c:\users\pinai\onedrive\documents\game\brirtiak\x64\release\brirtiak.exe
c:\users\pinai\onedrive\documents\game\brirtiak\brirtiak\x64\release\brirtiak.ipdb
c:\users\pinai\onedrive\documents\game\brirtiak\x64\release\brirtiak.pdb
c:\users\pinai\onedrive\documents\game\brirtiak\brirtiak\x64\release\brirtiak.iobj
c:\users\pinai\onedrive\documents\game\brirtiak\brirtiak\x64\release\brirtiak.res
c:\users\pinai\onedrive\documents\game\brirtiak\brirtiak\x64\release\brirtiak.tlog\cl.command.1.tlog
c:\users\pinai\onedrive\documents\game\brirtiak\brirtiak\x64\release\brirtiak.tlog\cl.read.1.tlog
c:\users\pinai\onedrive\documents\game\brirtiak\brirtiak\x64\release\brirtiak.tlog\cl.write.1.tlog
c:\users\pinai\onedrive\documents\game\brirtiak\brirtiak\x64\release\brirtiak.tlog\link.command.1.tlog
c:\users\pinai\onedrive\documents\game\brirtiak\brirtiak\x64\release\brirtiak.tlog\link.read.1.tlog
c:\users\pinai\onedrive\documents\game\brirtiak\brirtiak\x64\release\brirtiak.tlog\link.write.1.tlog
c:\users\pinai\onedrive\documents\game\brirtiak\brirtiak\x64\release\brirtiak.tlog\rc.command.1.tlog
c:\users\pinai\onedrive\documents\game\brirtiak\brirtiak\x64\release\brirtiak.tlog\rc.read.1.tlog
c:\users\pinai\onedrive\documents\game\brirtiak\brirtiak\x64\release\brirtiak.tlog\rc.write.1.tlog
